c:\users\spedroq\documents\visual studio 2017\projects\graphicstutorials\pengine\debug\pengine.pdb
c:\users\spedroq\documents\visual studio 2017\projects\graphicstutorials\pengine\debug\pengine.idb
c:\users\spedroq\documents\visual studio 2017\projects\graphicstutorials\pengine\debug\camera2d.obj
c:\users\spedroq\documents\visual studio 2017\projects\graphicstutorials\pengine\debug\errors.obj
c:\users\spedroq\documents\visual studio 2017\projects\graphicstutorials\pengine\debug\glslprogram.obj
c:\users\spedroq\documents\visual studio 2017\projects\graphicstutorials\pengine\debug\imageloader.obj
c:\users\spedroq\documents\visual studio 2017\projects\graphicstutorials\pengine\debug\iomanager.obj
c:\users\spedroq\documents\visual studio 2017\projects\graphicstutorials\pengine\debug\pengine.obj
c:\users\spedroq\documents\visual studio 2017\projects\graphicstutorials\pengine\debug\picopng.obj
c:\users\spedroq\documents\visual studio 2017\projects\graphicstutorials\pengine\debug\resourcemanager.obj
c:\users\spedroq\documents\visual studio 2017\projects\graphicstutorials\pengine\debug\sprite.obj
c:\users\spedroq\documents\visual studio 2017\projects\graphicstutorials\pengine\debug\spritebatch.obj
c:\users\spedroq\documents\visual studio 2017\projects\graphicstutorials\pengine\debug\texturecache.obj
c:\users\spedroq\documents\visual studio 2017\projects\graphicstutorials\pengine\debug\window.obj
c:\users\spedroq\documents\visual studio 2017\projects\graphicstutorials\debug\pengine.lib
c:\users\spedroq\documents\visual studio 2017\projects\graphicstutorials\debug\pengine.pdb
c:\users\spedroq\documents\visual studio 2017\projects\graphicstutorials\pengine\debug\pengine.tlog\cl.command.1.tlog
c:\users\spedroq\documents\visual studio 2017\projects\graphicstutorials\pengine\debug\pengine.tlog\cl.read.1.tlog
c:\users\spedroq\documents\visual studio 2017\projects\graphicstutorials\pengine\debug\pengine.tlog\cl.write.1.tlog
c:\users\spedroq\documents\visual studio 2017\projects\graphicstutorials\pengine\debug\pengine.tlog\lib-link.read.1.tlog
c:\users\spedroq\documents\visual studio 2017\projects\graphicstutorials\pengine\debug\pengine.tlog\lib-link.write.1.tlog
c:\users\spedroq\documents\visual studio 2017\projects\graphicstutorials\pengine\debug\pengine.tlog\lib.command.1.tlog
